Performing C SOURCE FILE Test CMAKE_HAVE_LIBC_PTHREAD failed with the following output:
Change Dir: /home/rafal/cpp/Logger/build/CMakeFiles/CMakeTmp

Run Build Command(s):/usr/bin/gmake cmTC_609f0/fast && /usr/bin/gmake -f CMakeFiles/cmTC_609f0.dir/build.make CMakeFiles/cmTC_609f0.dir/build
gmake[1]: Entering directory '/home/rafal/cpp/Logger/build/CMakeFiles/CMakeTmp'
Building C object CMakeFiles/cmTC_609f0.dir/src.c.o
/usr/bin/gcc   -DCMAKE_HAVE_LIBC_PTHREAD   -o CMakeFiles/cmTC_609f0.dir/src.c.o   -c /home/rafal/cpp/Logger/build/CMakeFiles/CMakeTmp/src.c
Linking C executable cmTC_609f0
/usr/bin/cmake -E cmake_link_script CMakeFiles/cmTC_609f0.dir/link.txt --verbose=1
/usr/bin/gcc  -DCMAKE_HAVE_LIBC_PTHREAD    -rdynamic CMakeFiles/cmTC_609f0.dir/src.c.o  -o cmTC_609f0 
/usr/lib64/gcc/x86_64-openmandriva-linux-gnu/9.2.1/../../../../x86_64-openmandriva-linux-gnu/bin/ld: CMakeFiles/cmTC_609f0.dir/src.c.o: in function `main':
src.c:(.text+0x2d): undefined reference to `pthread_create'
/usr/lib64/gcc/x86_64-openmandriva-linux-gnu/9.2.1/../../../../x86_64-openmandriva-linux-gnu/bin/ld: src.c:(.text+0x39): undefined reference to `pthread_detach'
/usr/lib64/gcc/x86_64-openmandriva-linux-gnu/9.2.1/../../../../x86_64-openmandriva-linux-gnu/bin/ld: src.c:(.text+0x4a): undefined reference to `pthread_join'
collect2: error: ld returned 1 exit status
gmake[1]: *** [CMakeFiles/cmTC_609f0.dir/build.make:87: cmTC_609f0] Error 1
gmake[1]: Leaving directory '/home/rafal/cpp/Logger/build/CMakeFiles/CMakeTmp'
gmake: *** [Makefile:121: cmTC_609f0/fast] Error 2


Source file was:
#include <pthread.h>

void* test_func(void* data)
{
  return data;
}

int main(void)
{
  pthread_t thread;
  pthread_create(&thread, NULL, test_func, NULL);
  pthread_detach(thread);
  pthread_join(thread, NULL);
  pthread_atfork(NULL, NULL, NULL);
  pthread_exit(NULL);

  return 0;
}

Determining if the function pthread_create exists in the pthreads failed with the following output:
Change Dir: /home/rafal/cpp/Logger/build/CMakeFiles/CMakeTmp

Run Build Command(s):/usr/bin/gmake cmTC_f0489/fast && /usr/bin/gmake -f CMakeFiles/cmTC_f0489.dir/build.make CMakeFiles/cmTC_f0489.dir/build
gmake[1]: Entering directory '/home/rafal/cpp/Logger/build/CMakeFiles/CMakeTmp'
Building C object CMakeFiles/cmTC_f0489.dir/CheckFunctionExists.c.o
/usr/bin/gcc   -DCHECK_FUNCTION_EXISTS=pthread_create   -o CMakeFiles/cmTC_f0489.dir/CheckFunctionExists.c.o   -c /usr/share/cmake/Modules/CheckFunctionExists.c
Linking C executable cmTC_f0489
/usr/bin/cmake -E cmake_link_script CMakeFiles/cmTC_f0489.dir/link.txt --verbose=1
/usr/bin/gcc  -DCHECK_FUNCTION_EXISTS=pthread_create    -rdynamic CMakeFiles/cmTC_f0489.dir/CheckFunctionExists.c.o  -o cmTC_f0489  -lpthreads 
/usr/lib64/gcc/x86_64-openmandriva-linux-gnu/9.2.1/../../../../x86_64-openmandriva-linux-gnu/bin/ld: cannot find -lpthreads
collect2: error: ld returned 1 exit status
gmake[1]: *** [CMakeFiles/cmTC_f0489.dir/build.make:87: cmTC_f0489] Error 1
gmake[1]: Leaving directory '/home/rafal/cpp/Logger/build/CMakeFiles/CMakeTmp'
gmake: *** [Makefile:121: cmTC_f0489/fast] Error 2



