The system is: Linux - 5.5.12-desktop-1omv4001 - x86_64
Compiling the C compiler identification source file "CMakeCCompilerId.c" succeeded.
Compiler: /usr/bin/gcc 
Build flags: 
Id flags:  

The output was:
0


Compilation of the C compiler identification source "CMakeCCompilerId.c" produced "a.out"

The C compiler identification is GNU, found in "/home/rafal/cpp/Logger/build/CMakeFiles/3.16.3/CompilerIdC/a.out"

Compiling the CXX compiler identification source file "CMakeCXXCompilerId.cpp" succeeded.
Compiler: /usr/bin/g++ 
Build flags: 
Id flags:  

The output was:
0


Compilation of the CXX compiler identification source "CMakeCXXCompilerId.cpp" produced "a.out"

The CXX compiler identification is GNU, found in "/home/rafal/cpp/Logger/build/CMakeFiles/3.16.3/CompilerIdCXX/a.out"

Determining if the C compiler works passed with the following output:
Change Dir: /home/rafal/cpp/Logger/build/CMakeFiles/CMakeTmp

Run Build Command(s):/usr/bin/gmake cmTC_51087/fast && /usr/bin/gmake -f CMakeFiles/cmTC_51087.dir/build.make CMakeFiles/cmTC_51087.dir/build
gmake[1]: Entering directory '/home/rafal/cpp/Logger/build/CMakeFiles/CMakeTmp'
Building C object CMakeFiles/cmTC_51087.dir/testCCompiler.c.o
/usr/bin/gcc    -o CMakeFiles/cmTC_51087.dir/testCCompiler.c.o   -c /home/rafal/cpp/Logger/build/CMakeFiles/CMakeTmp/testCCompiler.c
Linking C executable cmTC_51087
/usr/bin/cmake -E cmake_link_script CMakeFiles/cmTC_51087.dir/link.txt --verbose=1
/usr/bin/gcc      CMakeFiles/cmTC_51087.dir/testCCompiler.c.o  -o cmTC_51087 
gmake[1]: Leaving directory '/home/rafal/cpp/Logger/build/CMakeFiles/CMakeTmp'



Detecting C compiler ABI info compiled with the following output:
Change Dir: /home/rafal/cpp/Logger/build/CMakeFiles/CMakeTmp

Run Build Command(s):/usr/bin/gmake cmTC_ee684/fast && /usr/bin/gmake -f CMakeFiles/cmTC_ee684.dir/build.make CMakeFiles/cmTC_ee684.dir/build
gmake[1]: Entering directory '/home/rafal/cpp/Logger/build/CMakeFiles/CMakeTmp'
Building C object CMakeFiles/cmTC_ee684.dir/CMakeCCompilerABI.c.o
/usr/bin/gcc   -v -o CMakeFiles/cmTC_ee684.dir/CMakeCCompilerABI.c.o   -c /usr/share/cmake/Modules/CMakeCCompilerABI.c
Using built-in specs.
COLLECT_GCC=/usr/bin/gcc
Target: x86_64-openmandriva-linux-gnu
Configured with: ../configure --prefix=/usr --libexecdir=/usr/libexec --libdir=/usr/lib64 --with-slibdir=/lib64 --mandir=/usr/share/man --infodir=/usr/share/info --with-cloog --with-ppl --disable-libmpx --enable-cloog-backend=isl --disable-cloog-version-check --disable-isl-version-check --disable-libssp --disable-werror --enable-__cxa_atexit --enable-gold=default --with-plugin-ld=/usr/bin/x86_64-openmandriva-linux-gnu-ld --enable-bootstrap --enable-checking=release --enable-gnu-unique-object --enable-gnu-indirect-function --with-linker-hash-style=gnu --enable-languages=c,ada,c++,fortran,go,lto,objc,obj-c++ --enable-linker-build-id --enable-plugin --enable-shared --enable-libcc1 --enable-lto --enable-libatomic --enable-threads=posix --enable-shared --enable-static --with-system-zlib --with-bugurl=https://issues.openmandriva.org --host=x86_64-openmandriva-linux-gnu --build=x86_64-openmandriva-linux-gnu --with-cpu=generic --with-arch_32=i686 --with-multilib-list=m32,m64 --with-multilib-list=m64,m32
Thread model: posix
gcc version 9.2.1 20191207 (OpenMandriva) (GCC) 
COLLECT_GCC_OPTIONS='-v' '-o' 'CMakeFiles/cmTC_ee684.dir/CMakeCCompilerABI.c.o' '-c' '-mtune=generic' '-march=x86-64'
 /usr/libexec/gcc/x86_64-openmandriva-linux-gnu/9.2.1/cc1 -quiet -v /usr/share/cmake/Modules/CMakeCCompilerABI.c -quiet -dumpbase CMakeCCompilerABI.c -mtune=generic -march=x86-64 -auxbase-strip CMakeFiles/cmTC_ee684.dir/CMakeCCompilerABI.c.o -version -o /tmp/ccIovnCj.s
GNU C17 (GCC) version 9.2.1 20191207 (OpenMandriva) (x86_64-openmandriva-linux-gnu)
	compiled by GNU C version 9.2.1 20191207 (OpenMandriva), GMP version 6.1.2, MPFR version 4.0.2-p1, MPC version 1.1.0, isl version isl-0.22.1-GMP

warning: GMP header version 6.1.2 differs from library version 6.2.0.
GGC heuristics: --param ggc-min-expand=100 --param ggc-min-heapsize=131072
ignoring nonexistent directory "/usr/lib64/gcc/x86_64-openmandriva-linux-gnu/9.2.1/include-fixed"
ignoring nonexistent directory "/usr/lib64/gcc/x86_64-openmandriva-linux-gnu/9.2.1/../../../../x86_64-openmandriva-linux-gnu/include"
#include "..." search starts here:
#include <...> search starts here:
 /usr/lib64/gcc/x86_64-openmandriva-linux-gnu/9.2.1/include
 /usr/local/include
 /usr/include
End of search list.
GNU C17 (GCC) version 9.2.1 20191207 (OpenMandriva) (x86_64-openmandriva-linux-gnu)
	compiled by GNU C version 9.2.1 20191207 (OpenMandriva), GMP version 6.1.2, MPFR version 4.0.2-p1, MPC version 1.1.0, isl version isl-0.22.1-GMP

warning: GMP header version 6.1.2 differs from library version 6.2.0.
GGC heuristics: --param ggc-min-expand=100 --param ggc-min-heapsize=131072
Compiler executable checksum: 66126c8ddeaa980d5567d7263dba4edc
COLLECT_GCC_OPTIONS='-v' '-o' 'CMakeFiles/cmTC_ee684.dir/CMakeCCompilerABI.c.o' '-c' '-mtune=generic' '-march=x86-64'
 /usr/lib64/gcc/x86_64-openmandriva-linux-gnu/9.2.1/../../../../x86_64-openmandriva-linux-gnu/bin/as -v --64 -o CMakeFiles/cmTC_ee684.dir/CMakeCCompilerABI.c.o /tmp/ccIovnCj.s
GNU assembler version 2.33.1 (x86_64-openmandriva-linux-gnu) using BFD version (GNU Binutils) 2.33.1
COMPILER_PATH=/usr/libexec/gcc/x86_64-openmandriva-linux-gnu/9.2.1/:/usr/libexec/gcc/x86_64-openmandriva-linux-gnu/9.2.1/:/usr/libexec/gcc/x86_64-openmandriva-linux-gnu/:/usr/lib64/gcc/x86_64-openmandriva-linux-gnu/9.2.1/:/usr/lib64/gcc/x86_64-openmandriva-linux-gnu/:/usr/lib64/gcc/x86_64-openmandriva-linux-gnu/9.2.1/../../../../x86_64-openmandriva-linux-gnu/bin/
LIBRARY_PATH=/usr/lib64/gcc/x86_64-openmandriva-linux-gnu/9.2.1/:/usr/lib64/gcc/x86_64-openmandriva-linux-gnu/9.2.1/../../../../lib64/:/lib/../lib64/:/usr/lib/../lib64/:/usr/lib64/gcc/x86_64-openmandriva-linux-gnu/9.2.1/../../../../x86_64-openmandriva-linux-gnu/lib/:/usr/lib64/gcc/x86_64-openmandriva-linux-gnu/9.2.1/../../../:/lib/:/usr/lib/
COLLECT_GCC_OPTIONS='-v' '-o' 'CMakeFiles/cmTC_ee684.dir/CMakeCCompilerABI.c.o' '-c' '-mtune=generic' '-march=x86-64'
Linking C executable cmTC_ee684
/usr/bin/cmake -E cmake_link_script CMakeFiles/cmTC_ee684.dir/link.txt --verbose=1
/usr/bin/gcc     -v CMakeFiles/cmTC_ee684.dir/CMakeCCompilerABI.c.o  -o cmTC_ee684 
Using built-in specs.
COLLECT_GCC=/usr/bin/gcc
COLLECT_LTO_WRAPPER=/usr/libexec/gcc/x86_64-openmandriva-linux-gnu/9.2.1/lto-wrapper
Target: x86_64-openmandriva-linux-gnu
Configured with: ../configure --prefix=/usr --libexecdir=/usr/libexec --libdir=/usr/lib64 --with-slibdir=/lib64 --mandir=/usr/share/man --infodir=/usr/share/info --with-cloog --with-ppl --disable-libmpx --enable-cloog-backend=isl --disable-cloog-version-check --disable-isl-version-check --disable-libssp --disable-werror --enable-__cxa_atexit --enable-gold=default --with-plugin-ld=/usr/bin/x86_64-openmandriva-linux-gnu-ld --enable-bootstrap --enable-checking=release --enable-gnu-unique-object --enable-gnu-indirect-function --with-linker-hash-style=gnu --enable-languages=c,ada,c++,fortran,go,lto,objc,obj-c++ --enable-linker-build-id --enable-plugin --enable-shared --enable-libcc1 --enable-lto --enable-libatomic --enable-threads=posix --enable-shared --enable-static --with-system-zlib --with-bugurl=https://issues.openmandriva.org --host=x86_64-openmandriva-linux-gnu --build=x86_64-openmandriva-linux-gnu --with-cpu=generic --with-arch_32=i686 --with-multilib-list=m32,m64 --with-multilib-list=m64,m32
Thread model: posix
gcc version 9.2.1 20191207 (OpenMandriva) (GCC) 
COMPILER_PATH=/usr/libexec/gcc/x86_64-openmandriva-linux-gnu/9.2.1/:/usr/libexec/gcc/x86_64-openmandriva-linux-gnu/9.2.1/:/usr/libexec/gcc/x86_64-openmandriva-linux-gnu/:/usr/lib64/gcc/x86_64-openmandriva-linux-gnu/9.2.1/:/usr/lib64/gcc/x86_64-openmandriva-linux-gnu/:/usr/lib64/gcc/x86_64-openmandriva-linux-gnu/9.2.1/../../../../x86_64-openmandriva-linux-gnu/bin/
LIBRARY_PATH=/usr/lib64/gcc/x86_64-openmandriva-linux-gnu/9.2.1/:/usr/lib64/gcc/x86_64-openmandriva-linux-gnu/9.2.1/../../../../lib64/:/lib/../lib64/:/usr/lib/../lib64/:/usr/lib64/gcc/x86_64-openmandriva-linux-gnu/9.2.1/../../../../x86_64-openmandriva-linux-gnu/lib/:/usr/lib64/gcc/x86_64-openmandriva-linux-gnu/9.2.1/../../../:/lib/:/usr/lib/
COLLECT_GCC_OPTIONS='-v' '-o' 'cmTC_ee684' '-mtune=generic' '-march=x86-64'
 /usr/libexec/gcc/x86_64-openmandriva-linux-gnu/9.2.1/collect2 --build-id --eh-frame-hdr --hash-style=gnu -m elf_x86_64 -dynamic-linker /lib64/ld-linux-x86-64.so.2 -o cmTC_ee684 /usr/lib64/gcc/x86_64-openmandriva-linux-gnu/9.2.1/../../../../lib64/crt1.o /usr/lib64/gcc/x86_64-openmandriva-linux-gnu/9.2.1/../../../../lib64/crti.o /usr/lib64/gcc/x86_64-openmandriva-linux-gnu/9.2.1/crtbegin.o -L/usr/lib64/gcc/x86_64-openmandriva-linux-gnu/9.2.1 -L/usr/lib64/gcc/x86_64-openmandriva-linux-gnu/9.2.1/../../../../lib64 -L/lib/../lib64 -L/usr/lib/../lib64 -L/usr/lib64/gcc/x86_64-openmandriva-linux-gnu/9.2.1/../../../../x86_64-openmandriva-linux-gnu/lib -L/usr/lib64/gcc/x86_64-openmandriva-linux-gnu/9.2.1/../../.. CMakeFiles/cmTC_ee684.dir/CMakeCCompilerABI.c.o -lgcc --push-state --as-needed -lgcc_s --pop-state -lc -lgcc --push-state --as-needed -lgcc_s --pop-state /usr/lib64/gcc/x86_64-openmandriva-linux-gnu/9.2.1/crtend.o /usr/lib64/gcc/x86_64-openmandriva-linux-gnu/9.2.1/../../../../lib64/crtn.o
COLLECT_GCC_OPTIONS='-v' '-o' 'cmTC_ee684' '-mtune=generic' '-march=x86-64'
gmake[1]: Leaving directory '/home/rafal/cpp/Logger/build/CMakeFiles/CMakeTmp'



Parsed C implicit include dir info from above output: rv=done
  found start of include info
  found start of implicit include info
    add: [/usr/lib64/gcc/x86_64-openmandriva-linux-gnu/9.2.1/include]
    add: [/usr/local/include]
    add: [/usr/include]
  end of search list found
  collapse include dir [/usr/lib64/gcc/x86_64-openmandriva-linux-gnu/9.2.1/include] ==> [/usr/lib64/gcc/x86_64-openmandriva-linux-gnu/9.2.1/include]
  collapse include dir [/usr/local/include] ==> [/usr/local/include]
  collapse include dir [/usr/include] ==> [/usr/include]
  implicit include dirs: [/usr/lib64/gcc/x86_64-openmandriva-linux-gnu/9.2.1/include;/usr/local/include;/usr/include]


Parsed C implicit link information from above output:
  link line regex: [^( *|.*[/\])(ld|CMAKE_LINK_STARTFILE-NOTFOUND|([^/\]+-)?ld|collect2)[^/\]*( |$)]
  ignore line: [Change Dir: /home/rafal/cpp/Logger/build/CMakeFiles/CMakeTmp]
  ignore line: []
  ignore line: [Run Build Command(s):/usr/bin/gmake cmTC_ee684/fast && /usr/bin/gmake -f CMakeFiles/cmTC_ee684.dir/build.make CMakeFiles/cmTC_ee684.dir/build]
  ignore line: [gmake[1]: Entering directory '/home/rafal/cpp/Logger/build/CMakeFiles/CMakeTmp']
  ignore line: [Building C object CMakeFiles/cmTC_ee684.dir/CMakeCCompilerABI.c.o]
  ignore line: [/usr/bin/gcc   -v -o CMakeFiles/cmTC_ee684.dir/CMakeCCompilerABI.c.o   -c /usr/share/cmake/Modules/CMakeCCompilerABI.c]
  ignore line: [Using built-in specs.]
  ignore line: [COLLECT_GCC=/usr/bin/gcc]
  ignore line: [Target: x86_64-openmandriva-linux-gnu]
  ignore line: [Configured with: ../configure --prefix=/usr --libexecdir=/usr/libexec --libdir=/usr/lib64 --with-slibdir=/lib64 --mandir=/usr/share/man --infodir=/usr/share/info --with-cloog --with-ppl --disable-libmpx --enable-cloog-backend=isl --disable-cloog-version-check --disable-isl-version-check --disable-libssp --disable-werror --enable-__cxa_atexit --enable-gold=default --with-plugin-ld=/usr/bin/x86_64-openmandriva-linux-gnu-ld --enable-bootstrap --enable-checking=release --enable-gnu-unique-object --enable-gnu-indirect-function --with-linker-hash-style=gnu --enable-languages=c,ada,c++,fortran,go,lto,objc,obj-c++ --enable-linker-build-id --enable-plugin --enable-shared --enable-libcc1 --enable-lto --enable-libatomic --enable-threads=posix --enable-shared --enable-static --with-system-zlib --with-bugurl=https://issues.openmandriva.org --host=x86_64-openmandriva-linux-gnu --build=x86_64-openmandriva-linux-gnu --with-cpu=generic --with-arch_32=i686 --with-multilib-list=m32,m64 --with-multilib-list=m64,m32]
  ignore line: [Thread model: posix]
  ignore line: [gcc version 9.2.1 20191207 (OpenMandriva) (GCC) ]
  ignore line: [COLLECT_GCC_OPTIONS='-v' '-o' 'CMakeFiles/cmTC_ee684.dir/CMakeCCompilerABI.c.o' '-c' '-mtune=generic' '-march=x86-64']
  ignore line: [ /usr/libexec/gcc/x86_64-openmandriva-linux-gnu/9.2.1/cc1 -quiet -v /usr/share/cmake/Modules/CMakeCCompilerABI.c -quiet -dumpbase CMakeCCompilerABI.c -mtune=generic -march=x86-64 -auxbase-strip CMakeFiles/cmTC_ee684.dir/CMakeCCompilerABI.c.o -version -o /tmp/ccIovnCj.s]
  ignore line: [GNU C17 (GCC) version 9.2.1 20191207 (OpenMandriva) (x86_64-openmandriva-linux-gnu)]
  ignore line: [	compiled by GNU C version 9.2.1 20191207 (OpenMandriva)  GMP version 6.1.2  MPFR version 4.0.2-p1  MPC version 1.1.0  isl version isl-0.22.1-GMP]
  ignore line: []
  ignore line: [warning: GMP header version 6.1.2 differs from library version 6.2.0.]
  ignore line: [GGC heuristics: --param ggc-min-expand=100 --param ggc-min-heapsize=131072]
  ignore line: [ignoring nonexistent directory "/usr/lib64/gcc/x86_64-openmandriva-linux-gnu/9.2.1/include-fixed"]
  ignore line: [ignoring nonexistent directory "/usr/lib64/gcc/x86_64-openmandriva-linux-gnu/9.2.1/../../../../x86_64-openmandriva-linux-gnu/include"]
  ignore line: [#include "..." search starts here:]
  ignore line: [#include <...> search starts here:]
  ignore line: [ /usr/lib64/gcc/x86_64-openmandriva-linux-gnu/9.2.1/include]
  ignore line: [ /usr/local/include]
  ignore line: [ /usr/include]
  ignore line: [End of search list.]
  ignore line: [GNU C17 (GCC) version 9.2.1 20191207 (OpenMandriva) (x86_64-openmandriva-linux-gnu)]
  ignore line: [	compiled by GNU C version 9.2.1 20191207 (OpenMandriva)  GMP version 6.1.2  MPFR version 4.0.2-p1  MPC version 1.1.0  isl version isl-0.22.1-GMP]
  ignore line: []
  ignore line: [warning: GMP header version 6.1.2 differs from library version 6.2.0.]
  ignore line: [GGC heuristics: --param ggc-min-expand=100 --param ggc-min-heapsize=131072]
  ignore line: [Compiler executable checksum: 66126c8ddeaa980d5567d7263dba4edc]
  ignore line: [COLLECT_GCC_OPTIONS='-v' '-o' 'CMakeFiles/cmTC_ee684.dir/CMakeCCompilerABI.c.o' '-c' '-mtune=generic' '-march=x86-64']
  ignore line: [ /usr/lib64/gcc/x86_64-openmandriva-linux-gnu/9.2.1/../../../../x86_64-openmandriva-linux-gnu/bin/as -v --64 -o CMakeFiles/cmTC_ee684.dir/CMakeCCompilerABI.c.o /tmp/ccIovnCj.s]
  ignore line: [GNU assembler version 2.33.1 (x86_64-openmandriva-linux-gnu) using BFD version (GNU Binutils) 2.33.1]
  ignore line: [COMPILER_PATH=/usr/libexec/gcc/x86_64-openmandriva-linux-gnu/9.2.1/:/usr/libexec/gcc/x86_64-openmandriva-linux-gnu/9.2.1/:/usr/libexec/gcc/x86_64-openmandriva-linux-gnu/:/usr/lib64/gcc/x86_64-openmandriva-linux-gnu/9.2.1/:/usr/lib64/gcc/x86_64-openmandriva-linux-gnu/:/usr/lib64/gcc/x86_64-openmandriva-linux-gnu/9.2.1/../../../../x86_64-openmandriva-linux-gnu/bin/]
  ignore line: [LIBRARY_PATH=/usr/lib64/gcc/x86_64-openmandriva-linux-gnu/9.2.1/:/usr/lib64/gcc/x86_64-openmandriva-linux-gnu/9.2.1/../../../../lib64/:/lib/../lib64/:/usr/lib/../lib64/:/usr/lib64/gcc/x86_64-openmandriva-linux-gnu/9.2.1/../../../../x86_64-openmandriva-linux-gnu/lib/:/usr/lib64/gcc/x86_64-openmandriva-linux-gnu/9.2.1/../../../:/lib/:/usr/lib/]
  ignore line: [COLLECT_GCC_OPTIONS='-v' '-o' 'CMakeFiles/cmTC_ee684.dir/CMakeCCompilerABI.c.o' '-c' '-mtune=generic' '-march=x86-64']
  ignore line: [Linking C executable cmTC_ee684]
  ignore line: [/usr/bin/cmake -E cmake_link_script CMakeFiles/cmTC_ee684.dir/link.txt --verbose=1]
  ignore line: [/usr/bin/gcc     -v CMakeFiles/cmTC_ee684.dir/CMakeCCompilerABI.c.o  -o cmTC_ee684 ]
  ignore line: [Using built-in specs.]
  ignore line: [COLLECT_GCC=/usr/bin/gcc]
  ignore line: [COLLECT_LTO_WRAPPER=/usr/libexec/gcc/x86_64-openmandriva-linux-gnu/9.2.1/lto-wrapper]
  ignore line: [Target: x86_64-openmandriva-linux-gnu]
  ignore line: [Configured with: ../configure --prefix=/usr --libexecdir=/usr/libexec --libdir=/usr/lib64 --with-slibdir=/lib64 --mandir=/usr/share/man --infodir=/usr/share/info --with-cloog --with-ppl --disable-libmpx --enable-cloog-backend=isl --disable-cloog-version-check --disable-isl-version-check --disable-libssp --disable-werror --enable-__cxa_atexit --enable-gold=default --with-plugin-ld=/usr/bin/x86_64-openmandriva-linux-gnu-ld --enable-bootstrap --enable-checking=release --enable-gnu-unique-object --enable-gnu-indirect-function --with-linker-hash-style=gnu --enable-languages=c,ada,c++,fortran,go,lto,objc,obj-c++ --enable-linker-build-id --enable-plugin --enable-shared --enable-libcc1 --enable-lto --enable-libatomic --enable-threads=posix --enable-shared --enable-static --with-system-zlib --with-bugurl=https://issues.openmandriva.org --host=x86_64-openmandriva-linux-gnu --build=x86_64-openmandriva-linux-gnu --with-cpu=generic --with-arch_32=i686 --with-multilib-list=m32,m64 --with-multilib-list=m64,m32]
  ignore line: [Thread model: posix]
  ignore line: [gcc version 9.2.1 20191207 (OpenMandriva) (GCC) ]
  ignore line: [COMPILER_PATH=/usr/libexec/gcc/x86_64-openmandriva-linux-gnu/9.2.1/:/usr/libexec/gcc/x86_64-openmandriva-linux-gnu/9.2.1/:/usr/libexec/gcc/x86_64-openmandriva-linux-gnu/:/usr/lib64/gcc/x86_64-openmandriva-linux-gnu/9.2.1/:/usr/lib64/gcc/x86_64-openmandriva-linux-gnu/:/usr/lib64/gcc/x86_64-openmandriva-linux-gnu/9.2.1/../../../../x86_64-openmandriva-linux-gnu/bin/]
  ignore line: [LIBRARY_PATH=/usr/lib64/gcc/x86_64-openmandriva-linux-gnu/9.2.1/:/usr/lib64/gcc/x86_64-openmandriva-linux-gnu/9.2.1/../../../../lib64/:/lib/../lib64/:/usr/lib/../lib64/:/usr/lib64/gcc/x86_64-openmandriva-linux-gnu/9.2.1/../../../../x86_64-openmandriva-linux-gnu/lib/:/usr/lib64/gcc/x86_64-openmandriva-linux-gnu/9.2.1/../../../:/lib/:/usr/lib/]
  ignore line: [COLLECT_GCC_OPTIONS='-v' '-o' 'cmTC_ee684' '-mtune=generic' '-march=x86-64']
  link line: [ /usr/libexec/gcc/x86_64-openmandriva-linux-gnu/9.2.1/collect2 --build-id --eh-frame-hdr --hash-style=gnu -m elf_x86_64 -dynamic-linker /lib64/ld-linux-x86-64.so.2 -o cmTC_ee684 /usr/lib64/gcc/x86_64-openmandriva-linux-gnu/9.2.1/../../../../lib64/crt1.o /usr/lib64/gcc/x86_64-openmandriva-linux-gnu/9.2.1/../../../../lib64/crti.o /usr/lib64/gcc/x86_64-openmandriva-linux-gnu/9.2.1/crtbegin.o -L/usr/lib64/gcc/x86_64-openmandriva-linux-gnu/9.2.1 -L/usr/lib64/gcc/x86_64-openmandriva-linux-gnu/9.2.1/../../../../lib64 -L/lib/../lib64 -L/usr/lib/../lib64 -L/usr/lib64/gcc/x86_64-openmandriva-linux-gnu/9.2.1/../../../../x86_64-openmandriva-linux-gnu/lib -L/usr/lib64/gcc/x86_64-openmandriva-linux-gnu/9.2.1/../../.. CMakeFiles/cmTC_ee684.dir/CMakeCCompilerABI.c.o -lgcc --push-state --as-needed -lgcc_s --pop-state -lc -lgcc --push-state --as-needed -lgcc_s --pop-state /usr/lib64/gcc/x86_64-openmandriva-linux-gnu/9.2.1/crtend.o /usr/lib64/gcc/x86_64-openmandriva-linux-gnu/9.2.1/../../../../lib64/crtn.o]
    arg [/usr/libexec/gcc/x86_64-openmandriva-linux-gnu/9.2.1/collect2] ==> ignore
    arg [--build-id] ==> ignore
    arg [--eh-frame-hdr] ==> ignore
    arg [--hash-style=gnu] ==> ignore
    arg [-m] ==> ignore
    arg [elf_x86_64] ==> ignore
    arg [-dynamic-linker] ==> ignore
    arg [/lib64/ld-linux-x86-64.so.2] ==> ignore
    arg [-o] ==> ignore
    arg [cmTC_ee684] ==> ignore
    arg [/usr/lib64/gcc/x86_64-openmandriva-linux-gnu/9.2.1/../../../../lib64/crt1.o] ==> ignore
    arg [/usr/lib64/gcc/x86_64-openmandriva-linux-gnu/9.2.1/../../../../lib64/crti.o] ==> ignore
    arg [/usr/lib64/gcc/x86_64-openmandriva-linux-gnu/9.2.1/crtbegin.o] ==> ignore
    arg [-L/usr/lib64/gcc/x86_64-openmandriva-linux-gnu/9.2.1] ==> dir [/usr/lib64/gcc/x86_64-openmandriva-linux-gnu/9.2.1]
    arg [-L/usr/lib64/gcc/x86_64-openmandriva-linux-gnu/9.2.1/../../../../lib64] ==> dir [/usr/lib64/gcc/x86_64-openmandriva-linux-gnu/9.2.1/../../../../lib64]
    arg [-L/lib/../lib64] ==> dir [/lib/../lib64]
    arg [-L/usr/lib/../lib64] ==> dir [/usr/lib/../lib64]
    arg [-L/usr/lib64/gcc/x86_64-openmandriva-linux-gnu/9.2.1/../../../../x86_64-openmandriva-linux-gnu/lib] ==> dir [/usr/lib64/gcc/x86_64-openmandriva-linux-gnu/9.2.1/../../../../x86_64-openmandriva-linux-gnu/lib]
    arg [-L/usr/lib64/gcc/x86_64-openmandriva-linux-gnu/9.2.1/../../..] ==> dir [/usr/lib64/gcc/x86_64-openmandriva-linux-gnu/9.2.1/../../..]
    arg [CMakeFiles/cmTC_ee684.dir/CMakeCCompilerABI.c.o] ==> ignore
    arg [-lgcc] ==> lib [gcc]
    arg [--push-state] ==> ignore
    arg [--as-needed] ==> ignore
    arg [-lgcc_s] ==> lib [gcc_s]
    arg [--pop-state] ==> ignore
    arg [-lc] ==> lib [c]
    arg [-lgcc] ==> lib [gcc]
    arg [--push-state] ==> ignore
    arg [--as-needed] ==> ignore
    arg [-lgcc_s] ==> lib [gcc_s]
    arg [--pop-state] ==> ignore
    arg [/usr/lib64/gcc/x86_64-openmandriva-linux-gnu/9.2.1/crtend.o] ==> ignore
    arg [/usr/lib64/gcc/x86_64-openmandriva-linux-gnu/9.2.1/../../../../lib64/crtn.o] ==> ignore
  collapse library dir [/usr/lib64/gcc/x86_64-openmandriva-linux-gnu/9.2.1] ==> [/usr/lib64/gcc/x86_64-openmandriva-linux-gnu/9.2.1]
  collapse library dir [/usr/lib64/gcc/x86_64-openmandriva-linux-gnu/9.2.1/../../../../lib64] ==> [/usr/lib64]
  collapse library dir [/lib/../lib64] ==> [/lib64]
  collapse library dir [/usr/lib/../lib64] ==> [/usr/lib64]
  collapse library dir [/usr/lib64/gcc/x86_64-openmandriva-linux-gnu/9.2.1/../../../../x86_64-openmandriva-linux-gnu/lib] ==> [/usr/x86_64-openmandriva-linux-gnu/lib]
  collapse library dir [/usr/lib64/gcc/x86_64-openmandriva-linux-gnu/9.2.1/../../..] ==> [/usr/lib64]
  implicit libs: [gcc;gcc_s;c;gcc;gcc_s]
  implicit dirs: [/usr/lib64/gcc/x86_64-openmandriva-linux-gnu/9.2.1;/usr/lib64;/lib64;/usr/x86_64-openmandriva-linux-gnu/lib]
  implicit fwks: []


Determining if the CXX compiler works passed with the following output:
Change Dir: /home/rafal/cpp/Logger/build/CMakeFiles/CMakeTmp

Run Build Command(s):/usr/bin/gmake cmTC_3aa86/fast && /usr/bin/gmake -f CMakeFiles/cmTC_3aa86.dir/build.make CMakeFiles/cmTC_3aa86.dir/build
gmake[1]: Entering directory '/home/rafal/cpp/Logger/build/CMakeFiles/CMakeTmp'
Building CXX object CMakeFiles/cmTC_3aa86.dir/testCXXCompiler.cxx.o
/usr/bin/g++     -o CMakeFiles/cmTC_3aa86.dir/testCXXCompiler.cxx.o -c /home/rafal/cpp/Logger/build/CMakeFiles/CMakeTmp/testCXXCompiler.cxx
Linking CXX executable cmTC_3aa86
/usr/bin/cmake -E cmake_link_script CMakeFiles/cmTC_3aa86.dir/link.txt --verbose=1
/usr/bin/g++       CMakeFiles/cmTC_3aa86.dir/testCXXCompiler.cxx.o  -o cmTC_3aa86 
gmake[1]: Leaving directory '/home/rafal/cpp/Logger/build/CMakeFiles/CMakeTmp'



Detecting CXX compiler ABI info compiled with the following output:
Change Dir: /home/rafal/cpp/Logger/build/CMakeFiles/CMakeTmp

Run Build Command(s):/usr/bin/gmake cmTC_63d32/fast && /usr/bin/gmake -f CMakeFiles/cmTC_63d32.dir/build.make CMakeFiles/cmTC_63d32.dir/build
gmake[1]: Entering directory '/home/rafal/cpp/Logger/build/CMakeFiles/CMakeTmp'
Building CXX object CMakeFiles/cmTC_63d32.dir/CMakeCXXCompilerABI.cpp.o
/usr/bin/g++    -v -o CMakeFiles/cmTC_63d32.dir/CMakeCXXCompilerABI.cpp.o -c /usr/share/cmake/Modules/CMakeCXXCompilerABI.cpp
Using built-in specs.
COLLECT_GCC=/usr/bin/g++
Target: x86_64-openmandriva-linux-gnu
Configured with: ../configure --prefix=/usr --libexecdir=/usr/libexec --libdir=/usr/lib64 --with-slibdir=/lib64 --mandir=/usr/share/man --infodir=/usr/share/info --with-cloog --with-ppl --disable-libmpx --enable-cloog-backend=isl --disable-cloog-version-check --disable-isl-version-check --disable-libssp --disable-werror --enable-__cxa_atexit --enable-gold=default --with-plugin-ld=/usr/bin/x86_64-openmandriva-linux-gnu-ld --enable-bootstrap --enable-checking=release --enable-gnu-unique-object --enable-gnu-indirect-function --with-linker-hash-style=gnu --enable-languages=c,ada,c++,fortran,go,lto,objc,obj-c++ --enable-linker-build-id --enable-plugin --enable-shared --enable-libcc1 --enable-lto --enable-libatomic --enable-threads=posix --enable-shared --enable-static --with-system-zlib --with-bugurl=https://issues.openmandriva.org --host=x86_64-openmandriva-linux-gnu --build=x86_64-openmandriva-linux-gnu --with-cpu=generic --with-arch_32=i686 --with-multilib-list=m32,m64 --with-multilib-list=m64,m32
Thread model: posix
gcc version 9.2.1 20191207 (OpenMandriva) (GCC) 
COLLECT_GCC_OPTIONS='-v' '-o' 'CMakeFiles/cmTC_63d32.dir/CMakeCXXCompilerABI.cpp.o' '-c' '-shared-libgcc' '-mtune=generic' '-march=x86-64'
 /usr/libexec/gcc/x86_64-openmandriva-linux-gnu/9.2.1/cc1plus -quiet -v -D_GNU_SOURCE /usr/share/cmake/Modules/CMakeCXXCompilerABI.cpp -quiet -dumpbase CMakeCXXCompilerABI.cpp -mtune=generic -march=x86-64 -auxbase-strip CMakeFiles/cmTC_63d32.dir/CMakeCXXCompilerABI.cpp.o -version -o /tmp/ccn3GyCY.s
GNU C++14 (GCC) version 9.2.1 20191207 (OpenMandriva) (x86_64-openmandriva-linux-gnu)
	compiled by GNU C version 9.2.1 20191207 (OpenMandriva), GMP version 6.1.2, MPFR version 4.0.2-p1, MPC version 1.1.0, isl version isl-0.22.1-GMP

warning: GMP header version 6.1.2 differs from library version 6.2.0.
GGC heuristics: --param ggc-min-expand=100 --param ggc-min-heapsize=131072
ignoring nonexistent directory "/usr/lib64/gcc/x86_64-openmandriva-linux-gnu/9.2.1/include-fixed"
ignoring nonexistent directory "/usr/lib64/gcc/x86_64-openmandriva-linux-gnu/9.2.1/../../../../x86_64-openmandriva-linux-gnu/include"
#include "..." search starts here:
#include <...> search starts here:
 /usr/lib64/gcc/x86_64-openmandriva-linux-gnu/9.2.1/../../../../include/c++/9.2.1
 /usr/lib64/gcc/x86_64-openmandriva-linux-gnu/9.2.1/../../../../include/c++/9.2.1/x86_64-openmandriva-linux-gnu
 /usr/lib64/gcc/x86_64-openmandriva-linux-gnu/9.2.1/../../../../include/c++/9.2.1/backward
 /usr/lib64/gcc/x86_64-openmandriva-linux-gnu/9.2.1/include
 /usr/local/include
 /usr/include
End of search list.
GNU C++14 (GCC) version 9.2.1 20191207 (OpenMandriva) (x86_64-openmandriva-linux-gnu)
	compiled by GNU C version 9.2.1 20191207 (OpenMandriva), GMP version 6.1.2, MPFR version 4.0.2-p1, MPC version 1.1.0, isl version isl-0.22.1-GMP

warning: GMP header version 6.1.2 differs from library version 6.2.0.
GGC heuristics: --param ggc-min-expand=100 --param ggc-min-heapsize=131072
Compiler executable checksum: efed5e726175838addc1b7cf178d53a7
COLLECT_GCC_OPTIONS='-v' '-o' 'CMakeFiles/cmTC_63d32.dir/CMakeCXXCompilerABI.cpp.o' '-c' '-shared-libgcc' '-mtune=generic' '-march=x86-64'
 /usr/lib64/gcc/x86_64-openmandriva-linux-gnu/9.2.1/../../../../x86_64-openmandriva-linux-gnu/bin/as -v --64 -o CMakeFiles/cmTC_63d32.dir/CMakeCXXCompilerABI.cpp.o /tmp/ccn3GyCY.s
GNU assembler version 2.33.1 (x86_64-openmandriva-linux-gnu) using BFD version (GNU Binutils) 2.33.1
COMPILER_PATH=/usr/libexec/gcc/x86_64-openmandriva-linux-gnu/9.2.1/:/usr/libexec/gcc/x86_64-openmandriva-linux-gnu/9.2.1/:/usr/libexec/gcc/x86_64-openmandriva-linux-gnu/:/usr/lib64/gcc/x86_64-openmandriva-linux-gnu/9.2.1/:/usr/lib64/gcc/x86_64-openmandriva-linux-gnu/:/usr/lib64/gcc/x86_64-openmandriva-linux-gnu/9.2.1/../../../../x86_64-openmandriva-linux-gnu/bin/
LIBRARY_PATH=/usr/lib64/gcc/x86_64-openmandriva-linux-gnu/9.2.1/:/usr/lib64/gcc/x86_64-openmandriva-linux-gnu/9.2.1/../../../../lib64/:/lib/../lib64/:/usr/lib/../lib64/:/usr/lib64/gcc/x86_64-openmandriva-linux-gnu/9.2.1/../../../../x86_64-openmandriva-linux-gnu/lib/:/usr/lib64/gcc/x86_64-openmandriva-linux-gnu/9.2.1/../../../:/lib/:/usr/lib/
COLLECT_GCC_OPTIONS='-v' '-o' 'CMakeFiles/cmTC_63d32.dir/CMakeCXXCompilerABI.cpp.o' '-c' '-shared-libgcc' '-mtune=generic' '-march=x86-64'
Linking CXX executable cmTC_63d32
/usr/bin/cmake -E cmake_link_script CMakeFiles/cmTC_63d32.dir/link.txt --verbose=1
/usr/bin/g++      -v CMakeFiles/cmTC_63d32.dir/CMakeCXXCompilerABI.cpp.o  -o cmTC_63d32 
Using built-in specs.
COLLECT_GCC=/usr/bin/g++
COLLECT_LTO_WRAPPER=/usr/libexec/gcc/x86_64-openmandriva-linux-gnu/9.2.1/lto-wrapper
Target: x86_64-openmandriva-linux-gnu
Configured with: ../configure --prefix=/usr --libexecdir=/usr/libexec --libdir=/usr/lib64 --with-slibdir=/lib64 --mandir=/usr/share/man --infodir=/usr/share/info --with-cloog --with-ppl --disable-libmpx --enable-cloog-backend=isl --disable-cloog-version-check --disable-isl-version-check --disable-libssp --disable-werror --enable-__cxa_atexit --enable-gold=default --with-plugin-ld=/usr/bin/x86_64-openmandriva-linux-gnu-ld --enable-bootstrap --enable-checking=release --enable-gnu-unique-object --enable-gnu-indirect-function --with-linker-hash-style=gnu --enable-languages=c,ada,c++,fortran,go,lto,objc,obj-c++ --enable-linker-build-id --enable-plugin --enable-shared --enable-libcc1 --enable-lto --enable-libatomic --enable-threads=posix --enable-shared --enable-static --with-system-zlib --with-bugurl=https://issues.openmandriva.org --host=x86_64-openmandriva-linux-gnu --build=x86_64-openmandriva-linux-gnu --with-cpu=generic --with-arch_32=i686 --with-multilib-list=m32,m64 --with-multilib-list=m64,m32
Thread model: posix
gcc version 9.2.1 20191207 (OpenMandriva) (GCC) 
COMPILER_PATH=/usr/libexec/gcc/x86_64-openmandriva-linux-gnu/9.2.1/:/usr/libexec/gcc/x86_64-openmandriva-linux-gnu/9.2.1/:/usr/libexec/gcc/x86_64-openmandriva-linux-gnu/:/usr/lib64/gcc/x86_64-openmandriva-linux-gnu/9.2.1/:/usr/lib64/gcc/x86_64-openmandriva-linux-gnu/:/usr/lib64/gcc/x86_64-openmandriva-linux-gnu/9.2.1/../../../../x86_64-openmandriva-linux-gnu/bin/
LIBRARY_PATH=/usr/lib64/gcc/x86_64-openmandriva-linux-gnu/9.2.1/:/usr/lib64/gcc/x86_64-openmandriva-linux-gnu/9.2.1/../../../../lib64/:/lib/../lib64/:/usr/lib/../lib64/:/usr/lib64/gcc/x86_64-openmandriva-linux-gnu/9.2.1/../../../../x86_64-openmandriva-linux-gnu/lib/:/usr/lib64/gcc/x86_64-openmandriva-linux-gnu/9.2.1/../../../:/lib/:/usr/lib/
COLLECT_GCC_OPTIONS='-v' '-o' 'cmTC_63d32' '-shared-libgcc' '-mtune=generic' '-march=x86-64'
 /usr/libexec/gcc/x86_64-openmandriva-linux-gnu/9.2.1/collect2 --build-id --eh-frame-hdr --hash-style=gnu -m elf_x86_64 -dynamic-linker /lib64/ld-linux-x86-64.so.2 -o cmTC_63d32 /usr/lib64/gcc/x86_64-openmandriva-linux-gnu/9.2.1/../../../../lib64/crt1.o /usr/lib64/gcc/x86_64-openmandriva-linux-gnu/9.2.1/../../../../lib64/crti.o /usr/lib64/gcc/x86_64-openmandriva-linux-gnu/9.2.1/crtbegin.o -L/usr/lib64/gcc/x86_64-openmandriva-linux-gnu/9.2.1 -L/usr/lib64/gcc/x86_64-openmandriva-linux-gnu/9.2.1/../../../../lib64 -L/lib/../lib64 -L/usr/lib/../lib64 -L/usr/lib64/gcc/x86_64-openmandriva-linux-gnu/9.2.1/../../../../x86_64-openmandriva-linux-gnu/lib -L/usr/lib64/gcc/x86_64-openmandriva-linux-gnu/9.2.1/../../.. CMakeFiles/cmTC_63d32.dir/CMakeCXXCompilerABI.cpp.o -lstdc++ -lm -lgcc_s -lgcc -lc -lgcc_s -lgcc /usr/lib64/gcc/x86_64-openmandriva-linux-gnu/9.2.1/crtend.o /usr/lib64/gcc/x86_64-openmandriva-linux-gnu/9.2.1/../../../../lib64/crtn.o
COLLECT_GCC_OPTIONS='-v' '-o' 'cmTC_63d32' '-shared-libgcc' '-mtune=generic' '-march=x86-64'
gmake[1]: Leaving directory '/home/rafal/cpp/Logger/build/CMakeFiles/CMakeTmp'



Parsed CXX implicit include dir info from above output: rv=done
  found start of include info
  found start of implicit include info
    add: [/usr/lib64/gcc/x86_64-openmandriva-linux-gnu/9.2.1/../../../../include/c++/9.2.1]
    add: [/usr/lib64/gcc/x86_64-openmandriva-linux-gnu/9.2.1/../../../../include/c++/9.2.1/x86_64-openmandriva-linux-gnu]
    add: [/usr/lib64/gcc/x86_64-openmandriva-linux-gnu/9.2.1/../../../../include/c++/9.2.1/backward]
    add: [/usr/lib64/gcc/x86_64-openmandriva-linux-gnu/9.2.1/include]
    add: [/usr/local/include]
    add: [/usr/include]
  end of search list found
  collapse include dir [/usr/lib64/gcc/x86_64-openmandriva-linux-gnu/9.2.1/../../../../include/c++/9.2.1] ==> [/usr/include/c++/9.2.1]
  collapse include dir [/usr/lib64/gcc/x86_64-openmandriva-linux-gnu/9.2.1/../../../../include/c++/9.2.1/x86_64-openmandriva-linux-gnu] ==> [/usr/include/c++/9.2.1/x86_64-openmandriva-linux-gnu]
  collapse include dir [/usr/lib64/gcc/x86_64-openmandriva-linux-gnu/9.2.1/../../../../include/c++/9.2.1/backward] ==> [/usr/include/c++/9.2.1/backward]
  collapse include dir [/usr/lib64/gcc/x86_64-openmandriva-linux-gnu/9.2.1/include] ==> [/usr/lib64/gcc/x86_64-openmandriva-linux-gnu/9.2.1/include]
  collapse include dir [/usr/local/include] ==> [/usr/local/include]
  collapse include dir [/usr/include] ==> [/usr/include]
  implicit include dirs: [/usr/include/c++/9.2.1;/usr/include/c++/9.2.1/x86_64-openmandriva-linux-gnu;/usr/include/c++/9.2.1/backward;/usr/lib64/gcc/x86_64-openmandriva-linux-gnu/9.2.1/include;/usr/local/include;/usr/include]


Parsed CXX implicit link information from above output:
  link line regex: [^( *|.*[/\])(ld|CMAKE_LINK_STARTFILE-NOTFOUND|([^/\]+-)?ld|collect2)[^/\]*( |$)]
  ignore line: [Change Dir: /home/rafal/cpp/Logger/build/CMakeFiles/CMakeTmp]
  ignore line: []
  ignore line: [Run Build Command(s):/usr/bin/gmake cmTC_63d32/fast && /usr/bin/gmake -f CMakeFiles/cmTC_63d32.dir/build.make CMakeFiles/cmTC_63d32.dir/build]
  ignore line: [gmake[1]: Entering directory '/home/rafal/cpp/Logger/build/CMakeFiles/CMakeTmp']
  ignore line: [Building CXX object CMakeFiles/cmTC_63d32.dir/CMakeCXXCompilerABI.cpp.o]
  ignore line: [/usr/bin/g++    -v -o CMakeFiles/cmTC_63d32.dir/CMakeCXXCompilerABI.cpp.o -c /usr/share/cmake/Modules/CMakeCXXCompilerABI.cpp]
  ignore line: [Using built-in specs.]
  ignore line: [COLLECT_GCC=/usr/bin/g++]
  ignore line: [Target: x86_64-openmandriva-linux-gnu]
  ignore line: [Configured with: ../configure --prefix=/usr --libexecdir=/usr/libexec --libdir=/usr/lib64 --with-slibdir=/lib64 --mandir=/usr/share/man --infodir=/usr/share/info --with-cloog --with-ppl --disable-libmpx --enable-cloog-backend=isl --disable-cloog-version-check --disable-isl-version-check --disable-libssp --disable-werror --enable-__cxa_atexit --enable-gold=default --with-plugin-ld=/usr/bin/x86_64-openmandriva-linux-gnu-ld --enable-bootstrap --enable-checking=release --enable-gnu-unique-object --enable-gnu-indirect-function --with-linker-hash-style=gnu --enable-languages=c,ada,c++,fortran,go,lto,objc,obj-c++ --enable-linker-build-id --enable-plugin --enable-shared --enable-libcc1 --enable-lto --enable-libatomic --enable-threads=posix --enable-shared --enable-static --with-system-zlib --with-bugurl=https://issues.openmandriva.org --host=x86_64-openmandriva-linux-gnu --build=x86_64-openmandriva-linux-gnu --with-cpu=generic --with-arch_32=i686 --with-multilib-list=m32,m64 --with-multilib-list=m64,m32]
  ignore line: [Thread model: posix]
  ignore line: [gcc version 9.2.1 20191207 (OpenMandriva) (GCC) ]
  ignore line: [COLLECT_GCC_OPTIONS='-v' '-o' 'CMakeFiles/cmTC_63d32.dir/CMakeCXXCompilerABI.cpp.o' '-c' '-shared-libgcc' '-mtune=generic' '-march=x86-64']
  ignore line: [ /usr/libexec/gcc/x86_64-openmandriva-linux-gnu/9.2.1/cc1plus -quiet -v -D_GNU_SOURCE /usr/share/cmake/Modules/CMakeCXXCompilerABI.cpp -quiet -dumpbase CMakeCXXCompilerABI.cpp -mtune=generic -march=x86-64 -auxbase-strip CMakeFiles/cmTC_63d32.dir/CMakeCXXCompilerABI.cpp.o -version -o /tmp/ccn3GyCY.s]
  ignore line: [GNU C++14 (GCC) version 9.2.1 20191207 (OpenMandriva) (x86_64-openmandriva-linux-gnu)]
  ignore line: [	compiled by GNU C version 9.2.1 20191207 (OpenMandriva)  GMP version 6.1.2  MPFR version 4.0.2-p1  MPC version 1.1.0  isl version isl-0.22.1-GMP]
  ignore line: []
  ignore line: [warning: GMP header version 6.1.2 differs from library version 6.2.0.]
  ignore line: [GGC heuristics: --param ggc-min-expand=100 --param ggc-min-heapsize=131072]
  ignore line: [ignoring nonexistent directory "/usr/lib64/gcc/x86_64-openmandriva-linux-gnu/9.2.1/include-fixed"]
  ignore line: [ignoring nonexistent directory "/usr/lib64/gcc/x86_64-openmandriva-linux-gnu/9.2.1/../../../../x86_64-openmandriva-linux-gnu/include"]
  ignore line: [#include "..." search starts here:]
  ignore line: [#include <...> search starts here:]
  ignore line: [ /usr/lib64/gcc/x86_64-openmandriva-linux-gnu/9.2.1/../../../../include/c++/9.2.1]
  ignore line: [ /usr/lib64/gcc/x86_64-openmandriva-linux-gnu/9.2.1/../../../../include/c++/9.2.1/x86_64-openmandriva-linux-gnu]
  ignore line: [ /usr/lib64/gcc/x86_64-openmandriva-linux-gnu/9.2.1/../../../../include/c++/9.2.1/backward]
  ignore line: [ /usr/lib64/gcc/x86_64-openmandriva-linux-gnu/9.2.1/include]
  ignore line: [ /usr/local/include]
  ignore line: [ /usr/include]
  ignore line: [End of search list.]
  ignore line: [GNU C++14 (GCC) version 9.2.1 20191207 (OpenMandriva) (x86_64-openmandriva-linux-gnu)]
  ignore line: [	compiled by GNU C version 9.2.1 20191207 (OpenMandriva)  GMP version 6.1.2  MPFR version 4.0.2-p1  MPC version 1.1.0  isl version isl-0.22.1-GMP]
  ignore line: []
  ignore line: [warning: GMP header version 6.1.2 differs from library version 6.2.0.]
  ignore line: [GGC heuristics: --param ggc-min-expand=100 --param ggc-min-heapsize=131072]
  ignore line: [Compiler executable checksum: efed5e726175838addc1b7cf178d53a7]
  ignore line: [COLLECT_GCC_OPTIONS='-v' '-o' 'CMakeFiles/cmTC_63d32.dir/CMakeCXXCompilerABI.cpp.o' '-c' '-shared-libgcc' '-mtune=generic' '-march=x86-64']
  ignore line: [ /usr/lib64/gcc/x86_64-openmandriva-linux-gnu/9.2.1/../../../../x86_64-openmandriva-linux-gnu/bin/as -v --64 -o CMakeFiles/cmTC_63d32.dir/CMakeCXXCompilerABI.cpp.o /tmp/ccn3GyCY.s]
  ignore line: [GNU assembler version 2.33.1 (x86_64-openmandriva-linux-gnu) using BFD version (GNU Binutils) 2.33.1]
  ignore line: [COMPILER_PATH=/usr/libexec/gcc/x86_64-openmandriva-linux-gnu/9.2.1/:/usr/libexec/gcc/x86_64-openmandriva-linux-gnu/9.2.1/:/usr/libexec/gcc/x86_64-openmandriva-linux-gnu/:/usr/lib64/gcc/x86_64-openmandriva-linux-gnu/9.2.1/:/usr/lib64/gcc/x86_64-openmandriva-linux-gnu/:/usr/lib64/gcc/x86_64-openmandriva-linux-gnu/9.2.1/../../../../x86_64-openmandriva-linux-gnu/bin/]
  ignore line: [LIBRARY_PATH=/usr/lib64/gcc/x86_64-openmandriva-linux-gnu/9.2.1/:/usr/lib64/gcc/x86_64-openmandriva-linux-gnu/9.2.1/../../../../lib64/:/lib/../lib64/:/usr/lib/../lib64/:/usr/lib64/gcc/x86_64-openmandriva-linux-gnu/9.2.1/../../../../x86_64-openmandriva-linux-gnu/lib/:/usr/lib64/gcc/x86_64-openmandriva-linux-gnu/9.2.1/../../../:/lib/:/usr/lib/]
  ignore line: [COLLECT_GCC_OPTIONS='-v' '-o' 'CMakeFiles/cmTC_63d32.dir/CMakeCXXCompilerABI.cpp.o' '-c' '-shared-libgcc' '-mtune=generic' '-march=x86-64']
  ignore line: [Linking CXX executable cmTC_63d32]
  ignore line: [/usr/bin/cmake -E cmake_link_script CMakeFiles/cmTC_63d32.dir/link.txt --verbose=1]
  ignore line: [/usr/bin/g++      -v CMakeFiles/cmTC_63d32.dir/CMakeCXXCompilerABI.cpp.o  -o cmTC_63d32 ]
  ignore line: [Using built-in specs.]
  ignore line: [COLLECT_GCC=/usr/bin/g++]
  ignore line: [COLLECT_LTO_WRAPPER=/usr/libexec/gcc/x86_64-openmandriva-linux-gnu/9.2.1/lto-wrapper]
  ignore line: [Target: x86_64-openmandriva-linux-gnu]
  ignore line: [Configured with: ../configure --prefix=/usr --libexecdir=/usr/libexec --libdir=/usr/lib64 --with-slibdir=/lib64 --mandir=/usr/share/man --infodir=/usr/share/info --with-cloog --with-ppl --disable-libmpx --enable-cloog-backend=isl --disable-cloog-version-check --disable-isl-version-check --disable-libssp --disable-werror --enable-__cxa_atexit --enable-gold=default --with-plugin-ld=/usr/bin/x86_64-openmandriva-linux-gnu-ld --enable-bootstrap --enable-checking=release --enable-gnu-unique-object --enable-gnu-indirect-function --with-linker-hash-style=gnu --enable-languages=c,ada,c++,fortran,go,lto,objc,obj-c++ --enable-linker-build-id --enable-plugin --enable-shared --enable-libcc1 --enable-lto --enable-libatomic --enable-threads=posix --enable-shared --enable-static --with-system-zlib --with-bugurl=https://issues.openmandriva.org --host=x86_64-openmandriva-linux-gnu --build=x86_64-openmandriva-linux-gnu --with-cpu=generic --with-arch_32=i686 --with-multilib-list=m32,m64 --with-multilib-list=m64,m32]
  ignore line: [Thread model: posix]
  ignore line: [gcc version 9.2.1 20191207 (OpenMandriva) (GCC) ]
  ignore line: [COMPILER_PATH=/usr/libexec/gcc/x86_64-openmandriva-linux-gnu/9.2.1/:/usr/libexec/gcc/x86_64-openmandriva-linux-gnu/9.2.1/:/usr/libexec/gcc/x86_64-openmandriva-linux-gnu/:/usr/lib64/gcc/x86_64-openmandriva-linux-gnu/9.2.1/:/usr/lib64/gcc/x86_64-openmandriva-linux-gnu/:/usr/lib64/gcc/x86_64-openmandriva-linux-gnu/9.2.1/../../../../x86_64-openmandriva-linux-gnu/bin/]
  ignore line: [LIBRARY_PATH=/usr/lib64/gcc/x86_64-openmandriva-linux-gnu/9.2.1/:/usr/lib64/gcc/x86_64-openmandriva-linux-gnu/9.2.1/../../../../lib64/:/lib/../lib64/:/usr/lib/../lib64/:/usr/lib64/gcc/x86_64-openmandriva-linux-gnu/9.2.1/../../../../x86_64-openmandriva-linux-gnu/lib/:/usr/lib64/gcc/x86_64-openmandriva-linux-gnu/9.2.1/../../../:/lib/:/usr/lib/]
  ignore line: [COLLECT_GCC_OPTIONS='-v' '-o' 'cmTC_63d32' '-shared-libgcc' '-mtune=generic' '-march=x86-64']
  link line: [ /usr/libexec/gcc/x86_64-openmandriva-linux-gnu/9.2.1/collect2 --build-id --eh-frame-hdr --hash-style=gnu -m elf_x86_64 -dynamic-linker /lib64/ld-linux-x86-64.so.2 -o cmTC_63d32 /usr/lib64/gcc/x86_64-openmandriva-linux-gnu/9.2.1/../../../../lib64/crt1.o /usr/lib64/gcc/x86_64-openmandriva-linux-gnu/9.2.1/../../../../lib64/crti.o /usr/lib64/gcc/x86_64-openmandriva-linux-gnu/9.2.1/crtbegin.o -L/usr/lib64/gcc/x86_64-openmandriva-linux-gnu/9.2.1 -L/usr/lib64/gcc/x86_64-openmandriva-linux-gnu/9.2.1/../../../../lib64 -L/lib/../lib64 -L/usr/lib/../lib64 -L/usr/lib64/gcc/x86_64-openmandriva-linux-gnu/9.2.1/../../../../x86_64-openmandriva-linux-gnu/lib -L/usr/lib64/gcc/x86_64-openmandriva-linux-gnu/9.2.1/../../.. CMakeFiles/cmTC_63d32.dir/CMakeCXXCompilerABI.cpp.o -lstdc++ -lm -lgcc_s -lgcc -lc -lgcc_s -lgcc /usr/lib64/gcc/x86_64-openmandriva-linux-gnu/9.2.1/crtend.o /usr/lib64/gcc/x86_64-openmandriva-linux-gnu/9.2.1/../../../../lib64/crtn.o]
    arg [/usr/libexec/gcc/x86_64-openmandriva-linux-gnu/9.2.1/collect2] ==> ignore
    arg [--build-id] ==> ignore
    arg [--eh-frame-hdr] ==> ignore
    arg [--hash-style=gnu] ==> ignore
    arg [-m] ==> ignore
    arg [elf_x86_64] ==> ignore
    arg [-dynamic-linker] ==> ignore
    arg [/lib64/ld-linux-x86-64.so.2] ==> ignore
    arg [-o] ==> ignore
    arg [cmTC_63d32] ==> ignore
    arg [/usr/lib64/gcc/x86_64-openmandriva-linux-gnu/9.2.1/../../../../lib64/crt1.o] ==> ignore
    arg [/usr/lib64/gcc/x86_64-openmandriva-linux-gnu/9.2.1/../../../../lib64/crti.o] ==> ignore
    arg [/usr/lib64/gcc/x86_64-openmandriva-linux-gnu/9.2.1/crtbegin.o] ==> ignore
    arg [-L/usr/lib64/gcc/x86_64-openmandriva-linux-gnu/9.2.1] ==> dir [/usr/lib64/gcc/x86_64-openmandriva-linux-gnu/9.2.1]
    arg [-L/usr/lib64/gcc/x86_64-openmandriva-linux-gnu/9.2.1/../../../../lib64] ==> dir [/usr/lib64/gcc/x86_64-openmandriva-linux-gnu/9.2.1/../../../../lib64]
    arg [-L/lib/../lib64] ==> dir [/lib/../lib64]
    arg [-L/usr/lib/../lib64] ==> dir [/usr/lib/../lib64]
    arg [-L/usr/lib64/gcc/x86_64-openmandriva-linux-gnu/9.2.1/../../../../x86_64-openmandriva-linux-gnu/lib] ==> dir [/usr/lib64/gcc/x86_64-openmandriva-linux-gnu/9.2.1/../../../../x86_64-openmandriva-linux-gnu/lib]
    arg [-L/usr/lib64/gcc/x86_64-openmandriva-linux-gnu/9.2.1/../../..] ==> dir [/usr/lib64/gcc/x86_64-openmandriva-linux-gnu/9.2.1/../../..]
    arg [CMakeFiles/cmTC_63d32.dir/CMakeCXXCompilerABI.cpp.o] ==> ignore
    arg [-lstdc++] ==> lib [stdc++]
    arg [-lm] ==> lib [m]
    arg [-lgcc_s] ==> lib [gcc_s]
    arg [-lgcc] ==> lib [gcc]
    arg [-lc] ==> lib [c]
    arg [-lgcc_s] ==> lib [gcc_s]
    arg [-lgcc] ==> lib [gcc]
    arg [/usr/lib64/gcc/x86_64-openmandriva-linux-gnu/9.2.1/crtend.o] ==> ignore
    arg [/usr/lib64/gcc/x86_64-openmandriva-linux-gnu/9.2.1/../../../../lib64/crtn.o] ==> ignore
  collapse library dir [/usr/lib64/gcc/x86_64-openmandriva-linux-gnu/9.2.1] ==> [/usr/lib64/gcc/x86_64-openmandriva-linux-gnu/9.2.1]
  collapse library dir [/usr/lib64/gcc/x86_64-openmandriva-linux-gnu/9.2.1/../../../../lib64] ==> [/usr/lib64]
  collapse library dir [/lib/../lib64] ==> [/lib64]
  collapse library dir [/usr/lib/../lib64] ==> [/usr/lib64]
  collapse library dir [/usr/lib64/gcc/x86_64-openmandriva-linux-gnu/9.2.1/../../../../x86_64-openmandriva-linux-gnu/lib] ==> [/usr/x86_64-openmandriva-linux-gnu/lib]
  collapse library dir [/usr/lib64/gcc/x86_64-openmandriva-linux-gnu/9.2.1/../../..] ==> [/usr/lib64]
  implicit libs: [stdc++;m;gcc_s;gcc;c;gcc_s;gcc]
  implicit dirs: [/usr/lib64/gcc/x86_64-openmandriva-linux-gnu/9.2.1;/usr/lib64;/lib64;/usr/x86_64-openmandriva-linux-gnu/lib]
  implicit fwks: []


Determining if the include file pthread.h exists passed with the following output:
Change Dir: /home/rafal/cpp/Logger/build/CMakeFiles/CMakeTmp

Run Build Command(s):/usr/bin/gmake cmTC_532f8/fast && /usr/bin/gmake -f CMakeFiles/cmTC_532f8.dir/build.make CMakeFiles/cmTC_532f8.dir/build
gmake[1]: Entering directory '/home/rafal/cpp/Logger/build/CMakeFiles/CMakeTmp'
Building C object CMakeFiles/cmTC_532f8.dir/CheckIncludeFile.c.o
/usr/bin/gcc    -o CMakeFiles/cmTC_532f8.dir/CheckIncludeFile.c.o   -c /home/rafal/cpp/Logger/build/CMakeFiles/CMakeTmp/CheckIncludeFile.c
Linking C executable cmTC_532f8
/usr/bin/cmake -E cmake_link_script CMakeFiles/cmTC_532f8.dir/link.txt --verbose=1
/usr/bin/gcc      -rdynamic CMakeFiles/cmTC_532f8.dir/CheckIncludeFile.c.o  -o cmTC_532f8 
gmake[1]: Leaving directory '/home/rafal/cpp/Logger/build/CMakeFiles/CMakeTmp'



Determining if the function pthread_create exists in the pthread passed with the following output:
Change Dir: /home/rafal/cpp/Logger/build/CMakeFiles/CMakeTmp

Run Build Command(s):/usr/bin/gmake cmTC_9c334/fast && /usr/bin/gmake -f CMakeFiles/cmTC_9c334.dir/build.make CMakeFiles/cmTC_9c334.dir/build
gmake[1]: Entering directory '/home/rafal/cpp/Logger/build/CMakeFiles/CMakeTmp'
Building C object CMakeFiles/cmTC_9c334.dir/CheckFunctionExists.c.o
/usr/bin/gcc   -DCHECK_FUNCTION_EXISTS=pthread_create   -o CMakeFiles/cmTC_9c334.dir/CheckFunctionExists.c.o   -c /usr/share/cmake/Modules/CheckFunctionExists.c
Linking C executable cmTC_9c334
/usr/bin/cmake -E cmake_link_script CMakeFiles/cmTC_9c334.dir/link.txt --verbose=1
/usr/bin/gcc  -DCHECK_FUNCTION_EXISTS=pthread_create    -rdynamic CMakeFiles/cmTC_9c334.dir/CheckFunctionExists.c.o  -o cmTC_9c334  -lpthread 
gmake[1]: Leaving directory '/home/rafal/cpp/Logger/build/CMakeFiles/CMakeTmp'



